directory:hw1 jon-bassi$ python HW1_1.py hogvkiougtbtwlittwkopovsvebsvkiougtbtwlittwkjbd
Size:  2  0.0589591567852
Size:  3  0.0543650793651
Size:  4  0.0477272727273
Size:  5  0.153333333333
Size:  6  0.0674603174603
Size:  7  0.0503401360544
Size:  8  0.0333333333333
Size:  9  0.0592592592593
Size: 10  0.0866666666667
Size: 11  0.0151515151515
Size: 12  0.0277777777778
Size: 13  0.0384615384615
Size: 14  0.0238095238095
Size: 15  0.0777777777778
Size: 16  0.0625
Size: 17  0.0196078431373
Size: 18  0.0740740740741
Size: 19  0.0877192982456
Size: 20  0.116666666667
Size: 21  0.0634920634921
Size: 22  0.0
key length: 5
key  0  hibtpeibtb    68.0857
key  1  ghasodhasa    22.5447
key  2  fgzrncgzrz    32.0894
key  3  efyqmbfyqy   486.2372
key  4  dexplaexpx   619.9380
key  5  cdwokzdwow    61.3934
key  6  bcvnjycvnv   179.4498
key  7  abumixbumu   135.3863
key  8  zatlhwatlt    22.6429
key  9  yzskgvzsks    80.2844
key 10  xyrjfuyrjr   361.5073
key 11  wxqietxqiq  1215.8969
key 12  vwphdswphp    74.3115
key 13  uvogcrvogo    71.6230
key 14  tunfbqunfn   148.8543
key 15  stmeaptmem    42.9542
key 16  rsldzosldl    33.0825
key 17  qrkcynrkck   239.4429
key 18  pqjbxmqjbj  1102.0972
key 19  opiawlpiai    36.5984
key 20  nohzvkohzh    38.7496
key 21  mngyujngyg   133.9894
key 22  lmfxtimfxf   318.7036
key 23  klewshlewe    40.1328
key 24  jkdvrgkdvd   175.8599
key 25  ijcuqfjcuc   409.4716
key choice: 1
key  0  oottobottd    38.0276
key  1  nnssnanssc    43.8072
key  2  mmrrmzmrrb    91.9200
key  3  llqqlylqqa  1720.2450
key  4  kkppkxkppz   348.8577
key  5  jjoojwjooy  1066.3590
key  6  iinnivinnx   113.5601
key  7  hhmmhuhmmw    90.6097
key  8  ggllgtgllv   120.4778
key  9  ffkkfsfkku   274.2661
key 10  eejjerejjt  1051.1152
key 11  ddiidqdiis   157.4255
key 12  cchhcpchhr    80.6148
key 13  bbggbobggq   283.2309
key 14  aaffanaffp    88.0627
key 15  zzeezmzeeo    16.0774
key 16  yyddylyddn   112.6330
key 17  xxccxkxccm  1131.2815
key 18  wwbbwjwbbl   232.8431
key 19  vvaavivaak   187.5717
key 20  uuzzuhuzzj   123.0061
key 21  ttyytgtyyi    95.1125
key 22  ssxxsfsxxh  1088.0770
key 23  rrwwrerwwg    90.2351
key 24  qqvvqdqvvf  1844.6419
key 25  ppuupcpuue   135.3320
key choice: 15
key  0  guwwvsuww   101.0371
key  1  ftvvurtvv   188.5495
key  2  esuutqsuu   181.5376
key  3  drttsprtt    28.1765
key  4  cqssroqss   494.2578
key  5  bprrqnprr   169.7800
key  6  aoqqpmoqq  1879.9974
key  7  znppolnpp    95.9799
key  8  ymoonkmoo    54.8150
key  9  xlnnmjlnn   179.6906
key 10  wkmmlikmm   131.5149
key 11  vjllkhjll   353.2253
key 12  uikkjgikk   309.8202
key 13  thjjifhjj  1168.0418
key 14  sgiihegii    43.0251
key 15  rfhhgdfhh    50.0967
key 16  qeggfcegg   208.6596
key 17  pdffebdff    95.3179
key 18  oceedacee    26.4182
key 19  nbddczbdd    70.2227
key 20  maccbyacc    78.0321
key 21  lzbbaxzbb   192.3424
key 22  kyaazwyaa    56.3748
key 23  jxzzyvxzz   384.9011
key 24  iwyyxuwyy   179.5752
key 25  hvxxwtvxx  1229.3791
key choice: 18
key  0  vglksvglk   128.8631
key  1  ufkjrufkj   376.9692
key  2  tejiqteji   413.2259
key  3  sdihpsdih    27.9014
key  4  rchgorchg    45.2226
key  5  qbgfnqbgf   532.2694
key  6  pafempafe    47.5407
key  7  ozedlozed    17.6234
key  8  nydcknydc    60.9121
key  9  mxcbjmxcb   424.1478
key 10  lwbailwba    57.6854
key 11  kvazhkvaz   105.2733
key 12  juzygjuzy   329.6238
key 13  ityxfityx   326.0795
key 14  hsxwehsxw   321.3065
key 15  grwvdgrwv    87.3548
key 16  fqvucfqvu   544.3306
key 17  eputbeput    46.0021
key 18  dotsadots    20.6567
key 19  cnsrzcnsr    30.0025
key 20  bmrqybmrq   520.1427
key 21  alqpxalqp   572.4279
key 22  zkpowzkpo    86.2305
key 23  yjonvyjon   327.8616
key 24  xinmuxinm   322.7562
key 25  whmltwhml    47.8523
key choice: 7
key  0  ktiovktij   145.3146
key  1  jshnujshi   303.0677
key  2  irgmtirgh    34.5221
key  3  hqflshqfg   496.1017
key  4  gpekrgpef    60.8248
key  5  fodjqfode   217.7675
key  6  encipencd    27.0210
key  7  dmbhodmbc    57.0016
key  8  clagnclab    38.0608
key  9  bkzfmbkza    93.3180
key 10  ajyelajyz   315.0721
key 11  zixdkzixy   320.3037
key 12  yhwcjyhwx   190.3155
key 13  xgvbixgvw   368.5389
key 14  wfuahwfuv    60.4255
key 15  vetzgvetu    56.3872
key 16  udsyfudst    36.4255
key 17  tcrxetcrs    96.0053
key 18  sbqwdsbqr   504.8172
key 19  rapvcrapq   159.2130
key 20  qzoubqzop   485.9858
key 21  pyntapyno    47.2013
key 22  oxmszoxmn   317.0849
key 23  nwlrynwlm    39.5479
key 24  mvkqxmvkl   306.2741
key 25  lujpwlujk   333.4955
key choice: 6
key: bpshg
decrypted text: gzooehzcznaeeecseediozdlpdmaoehzcznaeeecseeddao
directory:hw1 jon-bassi$ python HW1_2.py hogvkiougtbtwlittwkopovsvebsvkiougtbtwlittwkjbd
Size:  2  0.0589591567852
Size:  3  0.0543650793651
Size:  4  0.0477272727273
Size:  5  0.153333333333
Size:  6  0.0674603174603
Size:  7  0.0503401360544
Size:  8  0.0333333333333
Size:  9  0.0592592592593
Size: 10  0.0866666666667
Size: 11  0.0151515151515
Size: 12  0.0277777777778
Size: 13  0.0384615384615
Size: 14  0.0238095238095
Size: 15  0.0777777777778
Size: 16  0.0625
Size: 17  0.0196078431373
Size: 18  0.0740740740741
Size: 19  0.0877192982456
Size: 20  0.116666666667
Size: 21  0.0634920634921
Size: 22  0.0
key length: 5
aaaaa   -330.452062208  hogvkiougtbtwlittwkopovsvebsvkiougtbtwlittwkjbd
baaaa   -306.896142534  gogvkhougtatwlistwkooovsvdbsvkhougtatwlistwkjad
caaaa   -346.200638388  fogvkgougtztwlirtwkonovsvcbsvkgougtztwlirtwkjzd
daaaa   -347.03801954   eogvkfougtytwliqtwkomovsvbbsvkfougtytwliqtwkjyd
eaaaa   -339.582972189  dogvkeougtxtwliptwkolovsvabsvkeougtxtwliptwkjxd
faaaa   -347.642773369  cogvkdougtwtwliotwkokovsvzbsvkdougtwtwliotwkjwd
gaaaa   -331.902698918  bogvkcougtvtwlintwkojovsvybsvkcougtvtwlintwkjvd
haaaa   -345.486061901  aogvkbougtutwlimtwkoiovsvxbsvkbougtutwlimtwkjud
iaaaa   -343.988417003  zogvkaougtttwliltwkohovsvwbsvkaougtttwliltwkjtd
jaaaa   -351.974922859  yogvkzougtstwliktwkogovsvvbsvkzougtstwliktwkjsd
kaaaa   -342.474349565  xogvkyougtrtwlijtwkofovsvubsvkyougtrtwlijtwkjrd
laaaa   -393.805303284  wogvkxougtqtwliitwkoeovsvtbsvkxougtqtwliitwkjqd
maaaa   -355.056819387  vogvkwougtptwlihtwkodovsvsbsvkwougtptwlihtwkjpd
naaaa   -335.414860608  uogvkvougtotwligtwkocovsvrbsvkvougtotwligtwkjod
oaaaa   -353.834212952  togvkuougtntwliftwkobovsvqbsvkuougtntwliftwkjnd
paaaa   -339.405209859  sogvktougtmtwlietwkoaovsvpbsvktougtmtwlietwkjmd
qaaaa   -335.985522734  rogvksougtltwlidtwkozovsvobsvksougtltwlidtwkjld
raaaa   -341.924167953  qogvkrougtktwlictwkoyovsvnbsvkrougtktwlictwkjkd
saaaa   -392.399453413  pogvkqougtjtwlibtwkoxovsvmbsvkqougtjtwlibtwkjjd
taaaa   -321.908041591  oogvkpougtitwliatwkowovsvlbsvkpougtitwliatwkjid
uaaaa   -348.414119997  nogvkoougthtwliztwkovovsvkbsvkoougthtwliztwkjhd
vaaaa   -363.038526646  mogvknougtgtwliytwkouovsvjbsvknougtgtwliytwkjgd
waaaa   -342.841940952  logvkmougtftwlixtwkotovsvibsvkmougtftwlixtwkjfd
xaaaa   -338.648469321  kogvklougtetwliwtwkosovsvhbsvklougtetwliwtwkjed
yaaaa   -358.707699374  jogvkkougtdtwlivtwkorovsvgbsvkkougtdtwlivtwkjdd
zaaaa   -365.161415959  iogvkjougtctwliutwkoqovsvfbsvkjougtctwliutwkjcd
baaaa   -306.896142534  gogvkhougtatwlistwkooovsvdbsvkhougtatwlistwkjad
bbaaa   -313.77764747   gngvkhnugtaswlisswkoonvsvdasvkhnugtaswlisswkjac
bcaaa   -344.143238782  gmgvkhmugtarwlisrwkoomvsvdzsvkhmugtarwlisrwkjab
bdaaa   -364.73216714   glgvkhlugtaqwlisqwkoolvsvdysvkhlugtaqwlisqwkjaa
beaaa   -356.901283278  gkgvkhkugtapwlispwkookvsvdxsvkhkugtapwlispwkjaz
bfaaa   -338.973138841  gjgvkhjugtaowlisowkoojvsvdwsvkhjugtaowlisowkjay
bgaaa   -344.954587328  gigvkhiugtanwlisnwkooivsvdvsvkhiugtanwlisnwkjax
bhaaa   -324.400623285  ghgvkhhugtamwlismwkoohvsvdusvkhhugtamwlismwkjaw
biaaa   -343.951645672  gggvkhgugtalwlislwkoogvsvdtsvkhgugtalwlislwkjav
bjaaa   -338.16035263   gfgvkhfugtakwliskwkoofvsvdssvkhfugtakwliskwkjau
bkaaa   -344.295848905  gegvkheugtajwlisjwkooevsvdrsvkheugtajwlisjwkjat
blaaa   -337.376982361  gdgvkhdugtaiwlisiwkoodvsvdqsvkhdugtaiwlisiwkjas
bmaaa   -341.078047371  gcgvkhcugtahwlishwkoocvsvdpsvkhcugtahwlishwkjar
bnaaa   -344.342045794  gbgvkhbugtagwlisgwkoobvsvdosvkhbugtagwlisgwkjaq
boaaa   -332.160324443  gagvkhaugtafwlisfwkooavsvdnsvkhaugtafwlisfwkjap
bpaaa   -339.358430094  gzgvkhzugtaewlisewkoozvsvdmsvkhzugtaewlisewkjao
bqaaa   -347.994580052  gygvkhyugtadwlisdwkooyvsvdlsvkhyugtadwlisdwkjan
braaa   -378.491090809  gxgvkhxugtacwliscwkooxvsvdksvkhxugtacwliscwkjam
bsaaa   -359.962556985  gwgvkhwugtabwlisbwkoowvsvdjsvkhwugtabwlisbwkjal
btaaa   -330.42696819   gvgvkhvugtaawlisawkoovvsvdisvkhvugtaawlisawkjak
buaaa   -362.571065439  gugvkhuugtazwliszwkoouvsvdhsvkhuugtazwliszwkjaj
bvaaa   -347.393234324  gtgvkhtugtaywlisywkootvsvdgsvkhtugtaywlisywkjai
bwaaa   -341.347926696  gsgvkhsugtaxwlisxwkoosvsvdfsvkhsugtaxwlisxwkjah
bxaaa   -315.89591565   grgvkhrugtawwliswwkoorvsvdesvkhrugtawwliswwkjag
byaaa   -383.758985943  gqgvkhqugtavwlisvwkooqvsvddsvkhqugtavwlisvwkjaf
bzaaa   -346.744592838  gpgvkhpugtauwlisuwkoopvsvdcsvkhpugtauwlisuwkjae
baaaa   -306.896142534  gogvkhougtatwlistwkooovsvdbsvkhougtatwlistwkjad
babaa   -312.320477584  gofvkhotgtatvlistvkooousvdbrvkhotgtatvlistvkjad
bacaa   -296.960747968  goevkhosgtatulistukoootsvdbqvkhosgtatulistukjad
badaa   -290.208871379  godvkhorgtattlisttkooossvdbpvkhorgtattlisttkjad
baeaa   -313.832815381  gocvkhoqgtatslistskooorsvdbovkhoqgtatslistskjad
bafaa   -313.114175636  gobvkhopgtatrlistrkoooqsvdbnvkhopgtatrlistrkjad
bagaa   -330.650167503  goavkhoogtatqlistqkooopsvdbmvkhoogtatqlistqkjad
bahaa   -292.026139712  gozvkhongtatplistpkoooosvdblvkhongtatplistpkjad
baiaa   -279.615942942  goyvkhomgtatolistokooonsvdbkvkhomgtatolistokjad
bajaa   -317.542493997  goxvkholgtatnlistnkooomsvdbjvkholgtatnlistnkjad
bakaa   -309.135018132  gowvkhokgtatmlistmkooolsvdbivkhokgtatmlistmkjad
balaa   -319.13657547   govvkhojgtatllistlkoooksvdbhvkhojgtatllistlkjad
bamaa   -321.364074849  gouvkhoigtatklistkkooojsvdbgvkhoigtatklistkkjad
banaa   -326.375743329  gotvkhohgtatjlistjkoooisvdbfvkhohgtatjlistjkjad
baoaa   -278.677273518  gosvkhoggtatilistikooohsvdbevkhoggtatilistikjad
bapaa   -288.539445535  gorvkhofgtathlisthkooogsvdbdvkhofgtathlisthkjad
baqaa   -318.495978738  goqvkhoegtatglistgkooofsvdbcvkhoegtatglistgkjad
baraa   -309.125136693  gopvkhodgtatflistfkoooesvdbbvkhodgtatflistfkjad
basaa   -279.131955107  goovkhocgtatelistekooodsvdbavkhocgtatelistekjad
bataa   -323.798848866  gonvkhobgtatdlistdkooocsvdbzvkhobgtatdlistdkjad
bauaa   -292.47904351   gomvkhoagtatclistckooobsvdbyvkhoagtatclistckjad
bavaa   -324.922158755  golvkhozgtatblistbkoooasvdbxvkhozgtatblistbkjad
bawaa   -293.589390745  gokvkhoygtatalistakooozsvdbwvkhoygtatalistakjad
baxaa   -350.018111828  gojvkhoxgtatzlistzkoooysvdbvvkhoxgtatzlistzkjad
bayaa   -303.444586427  goivkhowgtatylistykoooxsvdbuvkhowgtatylistykjad
bazaa   -341.137093778  gohvkhovgtatxlistxkooowsvdbtvkhovgtatxlistxkjad
baoaa   -278.677273518  gosvkhoggtatilistikooohsvdbevkhoggtatilistikjad
baoba   -283.97663208   gosukhogftatikistijooohrvdbeukhogftatikistijjad
baoca   -279.037855407  gostkhogetatijistiiooohqvdbetkhogetatijistiijad
baoda   -281.59049775   gosskhogdtatiiistihooohpvdbeskhogdtatiiistihjad
baoea   -266.366401411  gosrkhogctatihistigooohovdberkhogctatihistigjad
baofa   -288.543143257  gosqkhogbtatigistifooohnvdbeqkhogbtatigistifjad
baoga   -260.089563345  gospkhogatatifistieooohmvdbepkhogatatifistiejad
baoha   -275.899554652  gosokhogztatieistidooohlvdbeokhogztatieistidjad
baoia   -260.16011015   gosnkhogytatidisticooohkvdbenkhogytatidisticjad
baoja   -291.365243466  gosmkhogxtaticistibooohjvdbemkhogxtaticistibjad
baoka   -274.162298224  goslkhogwtatibistiaooohivdbelkhogwtatibistiajad
baola   -296.093212801  goskkhogvtatiaistizooohhvdbekkhogvtatiaistizjad
baoma   -298.474655956  gosjkhogutatizistiyooohgvdbejkhogutatizistiyjad
baona   -296.84607753   gosikhogttatiyistixooohfvdbeikhogttatiyistixjad
baooa   -267.593656134  goshkhogstatixistiwooohevdbehkhogstatixistiwjad
baopa   -277.511824391  gosgkhogrtatiwistivooohdvdbegkhogrtatiwistivjad
baoqa   -297.923201128  gosfkhogqtativistiuooohcvdbefkhogqtativistiujad
baora   -268.090569916  gosekhogptatiuistitooohbvdbeekhogptatiuistitjad
baosa   -234.370469977  gosdkhogotatitistisooohavdbedkhogotatitistisjad
baota   -258.906133275  gosckhogntatisistirooohzvdbeckhogntatisistirjad
baoua   -299.771869162  gosbkhogmtatiristiqooohyvdbebkhogmtatiristiqjad
baova   -288.626599134  gosakhogltatiqistipooohxvdbeakhogltatiqistipjad
baowa   -296.053582074  goszkhogktatipistioooohwvdbezkhogktatipistiojad
baoxa   -275.490727768  gosykhogjtatioistinooohvvdbeykhogjtatioistinjad
baoya   -261.312651811  gosxkhogitatinistimooohuvdbexkhogitatinistimjad
baoza   -256.617195622  goswkhoghtatimistilooohtvdbewkhoghtatimistiljad
baosa   -234.370469977  gosdkhogotatitistisooohavdbedkhogotatitistisjad
baosb   -241.808992071  gosdjhogosatithstisnoohaudbedjhogosatithstisiad
baosc   -240.253671663  gosdihogoratitgstismoohatdbedihogoratitgstishad
baosd   -274.222366343  gosdhhogoqatitfstisloohasdbedhhogoqatitfstisgad
baose   -232.798912537  gosdghogopatitestiskoohardbedghogopatitestisfad
baosf   -270.633294878  gosdfhogooatitdstisjoohaqdbedfhogooatitdstisead
baosg   -239.742647789  gosdehogonatitcstisioohapdbedehogonatitcstisdad
baosh   -248.117701433  gosddhogomatitbstishoohaodbeddhogomatitbstiscad
baosi   -216.372933225  gosdchogolatitastisgoohandbedchogolatitastisbad
baosj   -260.568610513  gosdbhogokatitzstisfoohamdbedbhogokatitzstisaad
baosk   -245.985749881  gosdahogojatitystiseoohaldbedahogojatitystiszad
baosl   -280.206990777  gosdzhogoiatitxstisdoohakdbedzhogoiatitxstisyad
baosm   -262.784605031  gosdyhogohatitwstiscoohajdbedyhogohatitwstisxad
baosn   -262.154418639  gosdxhogogatitvstisboohaidbedxhogogatitvstiswad
baoso   -237.439665407  gosdwhogofatitustisaoohahdbedwhogofatitustisvad
baosp   -260.849887446  gosdvhogoeatittstiszoohagdbedvhogoeatittstisuad
baosq   -241.309160957  gosduhogodatitsstisyoohafdbeduhogodatitsstistad
baosr   -242.098262878  gosdthogocatitrstisxoohaedbedthogocatitrstissad
baoss   -247.985026525  gosdshogobatitqstiswoohaddbedshogobatitqstisrad
baost   -269.267354809  gosdrhogoaatitpstisvoohacdbedrhogoaatitpstisqad
baosu   -269.155205081  gosdqhogozatitostisuoohabdbedqhogozatitostispad
baosv   -249.95705766   gosdphogoyatitnstistoohaadbedphogoyatitnstisoad
baosw   -264.434395899  gosdohogoxatitmstissoohazdbedohogoxatitmstisnad
baosx   -251.908299056  gosdnhogowatitlstisroohaydbednhogowatitlstismad
baosy   -275.738264037  gosdmhogovatitkstisqoohaxdbedmhogovatitkstislad
baosz   -268.030177993  gosdlhogouatitjstispoohawdbedlhogouatitjstiskad
baosi gosdchogolatitastisgoohandbedchogolatitastisbad
press enter to try again or type x to exit
aaosi   -259.487539587  hosdciogolbtitattisgpohanebedciogolbtitattisbbd
baosi   -216.372933225  gosdchogolatitastisgoohandbedchogolatitastisbad
caosi   -271.067939357  fosdcgogolztitartisgnohancbedcgogolztitartisbzd
daosi   -274.890496079  eosdcfogolytitaqtisgmohanbbedcfogolytitaqtisbyd
eaosi   -270.273701706  dosdceogolxtitaptisglohanabedceogolxtitaptisbxd
faosi   -285.577001183  cosdcdogolwtitaotisgkohanzbedcdogolwtitaotisbwd
gaosi   -260.74369029   bosdccogolvtitantisgjohanybedccogolvtitantisbvd
haosi   -254.354957996  aosdcbogolutitamtisgiohanxbedcbogolutitamtisbud
iaosi   -255.619204678  zosdcaogolttitaltisghohanwbedcaogolttitaltisbtd
jaosi   -278.832103024  yosdczogolstitaktisggohanvbedczogolstitaktisbsd
kaosi   -292.122355924  xosdcyogolrtitajtisgfohanubedcyogolrtitajtisbrd
laosi   -296.821594215  wosdcxogolqtitaitisgeohantbedcxogolqtitaitisbqd
maosi   -272.885937907  vosdcwogolptitahtisgdohansbedcwogolptitahtisbpd
naosi   -262.850019118  uosdcvogolotitagtisgcohanrbedcvogolotitagtisbod
oaosi   -270.769331129  tosdcuogolntitaftisgbohanqbedcuogolntitaftisbnd
paosi   -267.190630878  sosdctogolmtitaetisgaohanpbedctogolmtitaetisbmd
qaosi   -258.560659499  rosdcsogolltitadtisgzohanobedcsogolltitadtisbld
raosi   -255.3883429    qosdcrogolktitactisgyohannbedcrogolktitactisbkd
saosi   -321.758113054  posdcqogoljtitabtisgxohanmbedcqogoljtitabtisbjd
taosi   -253.2947578    oosdcpogolititaatisgwohanlbedcpogolititaatisbid
uaosi   -282.998550123  nosdcoogolhtitaztisgvohankbedcoogolhtitaztisbhd
vaosi   -281.687665705  mosdcnogolgtitaytisguohanjbedcnogolgtitaytisbgd
waosi   -260.316827161  losdcmogolftitaxtisgtohanibedcmogolftitaxtisbfd
xaosi   -247.552609487  kosdclogoletitawtisgsohanhbedclogoletitawtisbed
yaosi   -263.695991065  josdckogoldtitavtisgrohangbedckogoldtitavtisbdd
zaosi   -285.087157248  iosdcjogolctitautisgqohanfbedcjogolctitautisbcd
baosi   -216.372933225  gosdchogolatitastisgoohandbedchogolatitastisbad
bbosi   -227.005347821  gnsdchngolasitassisgonhandaedchngolasitassisbac
bcosi   -246.775248949  gmsdchmgolaritasrisgomhandzedchmgolaritasrisbab
bdosi   -274.295161017  glsdchlgolaqitasqisgolhandyedchlgolaqitasqisbaa
beosi   -258.776634166  gksdchkgolapitaspisgokhandxedchkgolapitaspisbaz
bfosi   -272.220194878  gjsdchjgolaoitasoisgojhandwedchjgolaoitasoisbay
bgosi   -230.278514748  gisdchigolanitasnisgoihandvedchigolanitasnisbax
bhosi   -250.611930795  ghsdchhgolamitasmisgohhanduedchhgolamitasmisbaw
biosi   -245.17910757   ggsdchggolalitaslisgoghandtedchggolalitaslisbav
bjosi   -249.778131496  gfsdchfgolakitaskisgofhandsedchfgolakitaskisbau
bkosi   -244.134571995  gesdchegolajitasjisgoehandredchegolajitasjisbat
blosi   -267.459308567  gdsdchdgolaiitasiisgodhandqedchdgolaiitasiisbas
bmosi   -239.197782243  gcsdchcgolahitashisgochandpedchcgolahitashisbar
bnosi   -264.116523758  gbsdchbgolagitasgisgobhandoedchbgolagitasgisbaq
boosi   -229.598176821  gasdchagolafitasfisgoahandnedchagolafitasfisbap
bposi   -267.271683921  gzsdchzgolaeitaseisgozhandmedchzgolaeitaseisbao
bqosi   -235.431951482  gysdchygoladitasdisgoyhandledchygoladitasdisban
brosi   -266.68703006   gxsdchxgolacitascisgoxhandkedchxgolacitascisbam
bsosi   -255.332112311  gwsdchwgolabitasbisgowhandjedchwgolabitasbisbal
btosi   -259.10378373   gvsdchvgolaaitasaisgovhandiedchvgolaaitasaisbak
buosi   -257.931962437  gusdchugolazitaszisgouhandhedchugolazitaszisbaj
bvosi   -234.235422513  gtsdchtgolayitasyisgothandgedchtgolayitasyisbai
bwosi   -258.373293838  gssdchsgolaxitasxisgoshandfedchsgolaxitasxisbah
bxosi   -237.395451762  grsdchrgolawitaswisgorhandeedchrgolawitaswisbag
byosi   -273.946696099  gqsdchqgolavitasvisgoqhanddedchqgolavitasvisbaf
bzosi   -256.833638505  gpsdchpgolauitasuisgophandcedchpgolauitasuisbae
baasi   -269.891030027  gogdchouolatwtastwsgoovandbsdchouolatwtastwsbad
babsi   -248.287280733  gofdchotolatvtastvsgoouandbrdchotolatvtastvsbad
bacsi   -239.536448184  goedchosolatutastusgootandbqdchosolatutastusbad
badsi   -231.529957643  goddchorolatttasttsgoosandbpdchorolatttasttsbad
baesi   -249.456800101  gocdchoqolatstastssgoorandbodchoqolatstastssbad
bafsi   -254.151204165  gobdchopolatrtastrsgooqandbndchopolatrtastrsbad
bagsi   -272.316434339  goadchooolatqtastqsgoopandbmdchooolatqtastqsbad
bahsi   -254.699914302  gozdchonolatptastpsgoooandbldchonolatptastpsbad
baisi   -229.099588824  goydchomolatotastosgoonandbkdchomolatotastosbad
bajsi   -256.824553057  goxdchololatntastnsgoomandbjdchololatntastnsbad
baksi   -246.458767879  gowdchokolatmtastmsgoolandbidchokolatmtastmsbad
balsi   -261.516763521  govdchojolatltastlsgookandbhdchojolatltastlsbad
bamsi   -274.069270252  goudchoiolatktastksgoojandbgdchoiolatktastksbad
bansi   -274.805260953  gotdchoholatjtastjsgooiandbfdchoholatjtastjsbad
baosi   -216.372933225  gosdchogolatitastisgoohandbedchogolatitastisbad
bapsi   -227.436057858  gordchofolathtasthsgoogandbddchofolathtasthsbad
baqsi   -272.853680398  goqdchoeolatgtastgsgoofandbcdchoeolatgtastgsbad
barsi   -256.589617286  gopdchodolatftastfsgooeandbbdchodolatftastfsbad
bassi   -200.075571591  goodchocolatetastesgoodandbadchocolatetastesbad
batsi   -257.250334739  gondchobolatdtastdsgoocandbzdchobolatdtastdsbad
bausi   -257.812897912  gomdchoaolatctastcsgoobandbydchoaolatctastcsbad
bavsi   -271.987282879  goldchozolatbtastbsgooaandbxdchozolatbtastbsbad
bawsi   -243.761682682  gokdchoyolatatastasgoozandbwdchoyolatatastasbad
baxsi   -296.127915802  gojdchoxolatztastzsgooyandbvdchoxolatztastzsbad
baysi   -238.714125369  goidchowolatytastysgooxandbudchowolatytastysbad
bazsi   -277.156541684  gohdchovolatxtastxsgoowandbtdchovolatxtastxsbad
basai   -251.406795929  goovchocglatelastekgoodsndbavchocglatelastekbad
basbi   -257.940556939  goouchocflatekastejgoodrndbauchocflatekastejbad
basci   -236.379362444  gootchocelatejasteigoodqndbatchocelatejasteibad
basdi   -250.462883879  gooschocdlateiastehgoodpndbaschocdlateiastehbad
basei   -218.099467515  goorchocclatehasteggoodondbarchocclatehastegbad
basfi   -265.759025831  gooqchocblategastefgoodnndbaqchocblategastefbad
basgi   -224.5527673    goopchocalatefasteegoodmndbapchocalatefasteebad
bashi   -245.120440458  gooochoczlateeastedgoodlndbaochoczlateeastedbad
basii   -226.346607999  goonchocylatedastecgoodkndbanchocylatedastecbad
basji   -267.336135223  goomchocxlatecastebgoodjndbamchocxlatecastebbad
baski   -227.159628769  goolchocwlatebasteagoodindbalchocwlatebasteabad
basli   -270.973792468  gookchocvlateaastezgoodhndbakchocvlateaastezbad
basmi   -256.903326399  goojchoculatezasteygoodgndbajchoculatezasteybad
basni   -249.66566395   gooichoctlateyastexgoodfndbaichoctlateyastexbad
basoi   -237.008012369  goohchocslatexastewgoodendbahchocslatexastewbad
baspi   -244.510617765  googchocrlatewastevgooddndbagchocrlatewastevbad
basqi   -262.420662751  goofchocqlatevasteugoodcndbafchocqlatevasteubad
basri   -253.53749513   gooechocplateuastetgoodbndbaechocplateuastetbad
bassi   -200.075571591  goodchocolatetastesgoodandbadchocolatetastesbad
basti   -233.119640987  goocchocnlatesastergoodzndbacchocnlatesasterbad
basui   -253.484568678  goobchocmlaterasteqgoodyndbabchocmlaterasteqbad
basvi   -264.07568298   gooachocllateqastepgoodxndbaachocllateqastepbad
baswi   -240.931315887  goozchocklatepasteogoodwndbazchocklatepasteobad
basxi   -253.252620305  gooychocjlateoastengoodvndbaychocjlateoastenbad
basyi   -229.887155502  gooxchocilatenastemgoodundbaxchocilatenastembad
baszi   -235.791180693  goowchochlatemastelgoodtndbawchochlatemastelbad
bassa   -238.692031111  goodkhocotatetistesooodavdbadkhocotatetistesjad
bassb   -236.777856115  goodjhocosatethstesnoodaudbadjhocosatethstesiad
bassc   -233.086310247  goodihocoratetgstesmoodatdbadihocoratetgsteshad
bassd   -263.365855874  goodhhocoqatetfstesloodasdbadhhocoqatetfstesgad
basse   -223.307169936  goodghocopatetesteskoodardbadghocopatetestesfad
bassf   -265.357317993  goodfhocooatetdstesjoodaqdbadfhocooatetdstesead
bassg   -233.362139582  goodehoconatetcstesioodapdbadehoconatetcstesdad
bassh   -231.40086438   gooddhocomatetbsteshoodaodbaddhocomatetbstescad
bassi   -200.075571591  goodchocolatetastesgoodandbadchocolatetastesbad
bassj   -251.647616089  goodbhocokatetzstesfoodamdbadbhocokatetzstesaad
bassk   -247.358700279  goodahocojatetysteseoodaldbadahocojatetysteszad
bassl   -272.228707027  goodzhocoiatetxstesdoodakdbadzhocoiatetxstesyad
bassm   -253.636254415  goodyhocohatetwstescoodajdbadyhocohatetwstesxad
bassn   -255.748714791  goodxhocogatetvstesboodaidbadxhocogatetvsteswad
basso   -234.543598678  goodwhocofatetustesaoodahdbadwhocofatetustesvad
bassp   -257.335796079  goodvhocoeatettsteszoodagdbadvhocoeatettstesuad
bassq   -239.260305873  gooduhocodatetsstesyoodafdbaduhocodatetsstestad
bassr   -232.442804958  goodthococatetrstesxoodaedbadthococatetrstessad
basss   -241.298274773  goodshocobatetqsteswoodaddbadshocobatetqstesrad
basst   -261.070977718  goodrhocoaatetpstesvoodacdbadrhocoaatetpstesqad
bassu   -267.823370059  goodqhocozatetostesuoodabdbadqhocozatetostespad
bassv   -240.331708324  goodphocoyatetnstestoodaadbadphocoyatetnstesoad
bassw   -257.316243749  goodohocoxatetmstessoodazdbadohocoxatetmstesnad
bassx   -241.505985441  goodnhocowatetlstesroodaydbadnhocowatetlstesmad
bassy   -268.123736203  goodmhocovatetkstesqoodaxdbadmhocovatetksteslad
bassz   -259.293170264  goodlhocouatetjstespoodawdbadlhocouatetjsteskad
bassi goodchocolatetastesgoodandbadchocolatetastesbad
press enter to try again or type x to exitx
bassi goodchocolatetastesgoodandbadchocolatetastesbad
directory:hw1 jon-bassi$ 
